2019-02-17 13:34:01 [scrapy.utils.log] INFO: Scrapy 1.5.2 started (bot: finaljob)
2019-02-17 13:34:01 [scrapy.utils.log] INFO: Versions: lxml 4.3.0.0, libxml2 2.9.5, cssselect 1.0.3, parsel 1.5.1, w3lib 1.20.0, Twisted 18.7.0, Python 3.5.4 (v3.5.4:3f56838, Aug  8 2017, 02:17:05) [MSC v.1900 64 bit (AMD64)], pyOpenSSL 19.0.0 (OpenSSL 1.1.1a  20 Nov 2018), cryptography 2.5, Platform Windows-7-6.1.7601-SP1
2019-02-17 13:34:01 [scrapy.crawler] INFO: Overridden settings: {'NEWSPIDER_MODULE': 'finaljob.spiders', 'SPIDER_MODULES': ['finaljob.spiders'], 'LOG_LEVEL': 'INFO', 'BOT_NAME': 'finaljob', 'LOG_FILE': 'mySpider.log'}
2019-02-17 13:34:01 [scrapy.extensions.telnet] INFO: Telnet Password: af00ffbdf7fcb2e3
2019-02-17 13:34:01 [scrapy.middleware] INFO: Enabled extensions:
['scrapy.extensions.corestats.CoreStats',
 'scrapy.extensions.logstats.LogStats',
 'scrapy.extensions.telnet.TelnetConsole']
2019-02-17 13:34:03 [scrapy.middleware] INFO: Enabled downloader middlewares:
['scrapy.downloadermiddlewares.httpauth.HttpAuthMiddleware',
 'scrapy.downloadermiddlewares.downloadtimeout.DownloadTimeoutMiddleware',
 'scrapy.downloadermiddlewares.defaultheaders.DefaultHeadersMiddleware',
 'scrapy.downloadermiddlewares.useragent.UserAgentMiddleware',
 'scrapy.downloadermiddlewares.retry.RetryMiddleware',
 'scrapy.downloadermiddlewares.redirect.MetaRefreshMiddleware',
 'scrapy.downloadermiddlewares.httpcompression.HttpCompressionMiddleware',
 'scrapy.downloadermiddlewares.redirect.RedirectMiddleware',
 'scrapy.downloadermiddlewares.cookies.CookiesMiddleware',
 'scrapy.downloadermiddlewares.httpproxy.HttpProxyMiddleware',
 'scrapy.downloadermiddlewares.stats.DownloaderStats']
2019-02-17 13:34:03 [scrapy.middleware] INFO: Enabled spider middlewares:
['scrapy.spidermiddlewares.httperror.HttpErrorMiddleware',
 'scrapy.spidermiddlewares.offsite.OffsiteMiddleware',
 'scrapy.spidermiddlewares.referer.RefererMiddleware',
 'scrapy.spidermiddlewares.urllength.UrlLengthMiddleware',
 'scrapy.spidermiddlewares.depth.DepthMiddleware']
2019-02-17 13:34:03 [scrapy.middleware] INFO: Enabled item pipelines:
[]
2019-02-17 13:34:03 [scrapy.core.engine] INFO: Spider opened
2019-02-17 13:34:03 [scrapy.extensions.logstats] INFO: Crawled 0 pages (at 0 pages/min), scraped 0 items (at 0 items/min)
2019-02-17 13:35:02 [scrapy.utils.log] INFO: Scrapy 1.5.2 started (bot: finaljob)
2019-02-17 13:35:02 [scrapy.utils.log] INFO: Versions: lxml 4.3.0.0, libxml2 2.9.5, cssselect 1.0.3, parsel 1.5.1, w3lib 1.20.0, Twisted 18.7.0, Python 3.5.4 (v3.5.4:3f56838, Aug  8 2017, 02:17:05) [MSC v.1900 64 bit (AMD64)], pyOpenSSL 19.0.0 (OpenSSL 1.1.1a  20 Nov 2018), cryptography 2.5, Platform Windows-7-6.1.7601-SP1
2019-02-17 13:35:02 [scrapy.crawler] INFO: Overridden settings: {'NEWSPIDER_MODULE': 'finaljob.spiders', 'BOT_NAME': 'finaljob', 'LOG_LEVEL': 'INFO', 'LOG_FILE': 'mySpider.log', 'SPIDER_MODULES': ['finaljob.spiders']}
2019-02-17 13:35:02 [scrapy.extensions.telnet] INFO: Telnet Password: 30b71cdf7d7d31be
2019-02-17 13:35:02 [scrapy.middleware] INFO: Enabled extensions:
['scrapy.extensions.corestats.CoreStats',
 'scrapy.extensions.logstats.LogStats',
 'scrapy.extensions.telnet.TelnetConsole']
2019-02-17 13:35:04 [scrapy.middleware] INFO: Enabled downloader middlewares:
['scrapy.downloadermiddlewares.httpauth.HttpAuthMiddleware',
 'scrapy.downloadermiddlewares.downloadtimeout.DownloadTimeoutMiddleware',
 'scrapy.downloadermiddlewares.defaultheaders.DefaultHeadersMiddleware',
 'scrapy.downloadermiddlewares.useragent.UserAgentMiddleware',
 'scrapy.downloadermiddlewares.retry.RetryMiddleware',
 'scrapy.downloadermiddlewares.redirect.MetaRefreshMiddleware',
 'scrapy.downloadermiddlewares.httpcompression.HttpCompressionMiddleware',
 'scrapy.downloadermiddlewares.redirect.RedirectMiddleware',
 'scrapy.downloadermiddlewares.cookies.CookiesMiddleware',
 'scrapy.downloadermiddlewares.httpproxy.HttpProxyMiddleware',
 'scrapy.downloadermiddlewares.stats.DownloaderStats']
2019-02-17 13:35:04 [scrapy.middleware] INFO: Enabled spider middlewares:
['scrapy.spidermiddlewares.httperror.HttpErrorMiddleware',
 'scrapy.spidermiddlewares.offsite.OffsiteMiddleware',
 'scrapy.spidermiddlewares.referer.RefererMiddleware',
 'scrapy.spidermiddlewares.urllength.UrlLengthMiddleware',
 'scrapy.spidermiddlewares.depth.DepthMiddleware']
2019-02-17 13:35:04 [scrapy.middleware] INFO: Enabled item pipelines:
[]
2019-02-17 13:35:04 [scrapy.core.engine] INFO: Spider opened
2019-02-17 13:35:04 [scrapy.extensions.logstats] INFO: Crawled 0 pages (at 0 pages/min), scraped 0 items (at 0 items/min)
2019-02-17 13:36:06 [scrapy.utils.log] INFO: Scrapy 1.5.2 started (bot: finaljob)
2019-02-17 13:36:06 [scrapy.utils.log] INFO: Versions: lxml 4.3.0.0, libxml2 2.9.5, cssselect 1.0.3, parsel 1.5.1, w3lib 1.20.0, Twisted 18.7.0, Python 3.5.4 (v3.5.4:3f56838, Aug  8 2017, 02:17:05) [MSC v.1900 64 bit (AMD64)], pyOpenSSL 19.0.0 (OpenSSL 1.1.1a  20 Nov 2018), cryptography 2.5, Platform Windows-7-6.1.7601-SP1
2019-02-17 13:36:06 [scrapy.crawler] INFO: Overridden settings: {'SPIDER_MODULES': ['finaljob.spiders'], 'LOG_FILE': 'mySpider.log', 'BOT_NAME': 'finaljob', 'LOG_LEVEL': 'INFO', 'NEWSPIDER_MODULE': 'finaljob.spiders'}
2019-02-17 13:36:07 [scrapy.extensions.telnet] INFO: Telnet Password: ea045b16e23abc16
2019-02-17 13:36:07 [scrapy.middleware] INFO: Enabled extensions:
['scrapy.extensions.corestats.CoreStats',
 'scrapy.extensions.logstats.LogStats',
 'scrapy.extensions.telnet.TelnetConsole']
2019-02-17 13:36:08 [scrapy.middleware] INFO: Enabled downloader middlewares:
['scrapy.downloadermiddlewares.httpauth.HttpAuthMiddleware',
 'scrapy.downloadermiddlewares.downloadtimeout.DownloadTimeoutMiddleware',
 'scrapy.downloadermiddlewares.defaultheaders.DefaultHeadersMiddleware',
 'scrapy.downloadermiddlewares.useragent.UserAgentMiddleware',
 'scrapy.downloadermiddlewares.retry.RetryMiddleware',
 'scrapy.downloadermiddlewares.redirect.MetaRefreshMiddleware',
 'scrapy.downloadermiddlewares.httpcompression.HttpCompressionMiddleware',
 'scrapy.downloadermiddlewares.redirect.RedirectMiddleware',
 'scrapy.downloadermiddlewares.cookies.CookiesMiddleware',
 'scrapy.downloadermiddlewares.httpproxy.HttpProxyMiddleware',
 'scrapy.downloadermiddlewares.stats.DownloaderStats']
2019-02-17 13:36:08 [scrapy.middleware] INFO: Enabled spider middlewares:
['scrapy.spidermiddlewares.httperror.HttpErrorMiddleware',
 'scrapy.spidermiddlewares.offsite.OffsiteMiddleware',
 'scrapy.spidermiddlewares.referer.RefererMiddleware',
 'scrapy.spidermiddlewares.urllength.UrlLengthMiddleware',
 'scrapy.spidermiddlewares.depth.DepthMiddleware']
2019-02-17 13:36:08 [scrapy.middleware] INFO: Enabled item pipelines:
[]
2019-02-17 13:36:08 [scrapy.core.engine] INFO: Spider opened
2019-02-17 13:36:08 [scrapy.extensions.logstats] INFO: Crawled 0 pages (at 0 pages/min), scraped 0 items (at 0 items/min)
2019-02-17 13:36:46 [scrapy.utils.log] INFO: Scrapy 1.5.2 started (bot: finaljob)
2019-02-17 13:36:46 [scrapy.utils.log] INFO: Versions: lxml 4.3.0.0, libxml2 2.9.5, cssselect 1.0.3, parsel 1.5.1, w3lib 1.20.0, Twisted 18.7.0, Python 3.5.4 (v3.5.4:3f56838, Aug  8 2017, 02:17:05) [MSC v.1900 64 bit (AMD64)], pyOpenSSL 19.0.0 (OpenSSL 1.1.1a  20 Nov 2018), cryptography 2.5, Platform Windows-7-6.1.7601-SP1
2019-02-17 13:36:46 [scrapy.crawler] INFO: Overridden settings: {'LOG_LEVEL': 'INFO', 'NEWSPIDER_MODULE': 'finaljob.spiders', 'BOT_NAME': 'finaljob', 'LOG_FILE': 'mySpider.log', 'SPIDER_MODULES': ['finaljob.spiders']}
2019-02-17 13:36:46 [scrapy.extensions.telnet] INFO: Telnet Password: 64a8631559921372
2019-02-17 13:36:46 [scrapy.middleware] INFO: Enabled extensions:
['scrapy.extensions.telnet.TelnetConsole',
 'scrapy.extensions.corestats.CoreStats',
 'scrapy.extensions.logstats.LogStats']
2019-02-17 13:36:48 [scrapy.middleware] INFO: Enabled downloader middlewares:
['scrapy.downloadermiddlewares.httpauth.HttpAuthMiddleware',
 'scrapy.downloadermiddlewares.downloadtimeout.DownloadTimeoutMiddleware',
 'scrapy.downloadermiddlewares.defaultheaders.DefaultHeadersMiddleware',
 'scrapy.downloadermiddlewares.useragent.UserAgentMiddleware',
 'scrapy.downloadermiddlewares.retry.RetryMiddleware',
 'scrapy.downloadermiddlewares.redirect.MetaRefreshMiddleware',
 'scrapy.downloadermiddlewares.httpcompression.HttpCompressionMiddleware',
 'scrapy.downloadermiddlewares.redirect.RedirectMiddleware',
 'scrapy.downloadermiddlewares.cookies.CookiesMiddleware',
 'scrapy.downloadermiddlewares.httpproxy.HttpProxyMiddleware',
 'scrapy.downloadermiddlewares.stats.DownloaderStats']
2019-02-17 13:36:48 [scrapy.middleware] INFO: Enabled spider middlewares:
['scrapy.spidermiddlewares.httperror.HttpErrorMiddleware',
 'scrapy.spidermiddlewares.offsite.OffsiteMiddleware',
 'scrapy.spidermiddlewares.referer.RefererMiddleware',
 'scrapy.spidermiddlewares.urllength.UrlLengthMiddleware',
 'scrapy.spidermiddlewares.depth.DepthMiddleware']
2019-02-17 13:36:48 [scrapy.middleware] INFO: Enabled item pipelines:
[]
2019-02-17 13:36:48 [scrapy.core.engine] INFO: Spider opened
2019-02-17 13:36:48 [scrapy.extensions.logstats] INFO: Crawled 0 pages (at 0 pages/min), scraped 0 items (at 0 items/min)
